This file contains any messages produced by compilers while
running configure, to aid debugging if configure makes a mistake.

It was created by GeoIP configure 1.4.8, which was
generated by GNU Autoconf 2.68.  Invocation command line was

  $ ./configure --no-create --no-recursion

## --------- ##
## Platform. ##
## --------- ##

hostname = gurudath
uname -m = x86_64
uname -r = 3.8.0-39-generic
uname -s = Linux
uname -v = #58~precise1-Ubuntu SMP Fri May 2 21:33:40 UTC 2014

/usr/bin/uname -p = unknown
/bin/uname -X     = unknown

/bin/arch              = unknown
/usr/bin/arch -k       = unknown
/usr/convex/getsysinfo = unknown
/usr/bin/hostinfo      = unknown
/bin/machine           = unknown
/usr/bin/oslevel       = unknown
/bin/universe          = unknown

PATH: /usr/local/sbin
PATH: /usr/local/bin
PATH: /usr/sbin
PATH: /usr/bin
PATH: /sbin
PATH: /bin
PATH: /home/gurudath/.rvm/bin


## ----------- ##
## Core tests. ##
## ----------- ##

configure:2281: checking for gcc
configure:2297: found /usr/bin/gcc
configure:2308: result: gcc
configure:2537: checking for C compiler version
configure:2546: gcc --version >&5
gcc (Ubuntu/Linaro 4.6.3-1ubuntu5) 4.6.3
Copyright (C) 2011 Free Software Foundation, Inc.
This is free software; see the source for copying conditions.  There is NO
warranty; not even for MERCHANTABILITY or FITNESS FOR A PARTICULAR PURPOSE.

configure:2557: $? = 0
configure:2546: gcc -v >&5
Using built-in specs.
COLLECT_GCC=gcc
COLLECT_LTO_WRAPPER=/usr/lib/gcc/x86_64-linux-gnu/4.6/lto-wrapper
Target: x86_64-linux-gnu
Configured with: ../src/configure -v --with-pkgversion='Ubuntu/Linaro 4.6.3-1ubuntu5' --with-bugurl=file:///usr/share/doc/gcc-4.6/README.Bugs --enable-languages=c,c++,fortran,objc,obj-c++ --prefix=/usr --program-suffix=-4.6 --enable-shared --enable-linker-build-id --with-system-zlib --libexecdir=/usr/lib --without-included-gettext --enable-threads=posix --with-gxx-include-dir=/usr/include/c++/4.6 --libdir=/usr/lib --enable-nls --with-sysroot=/ --enable-clocale=gnu --enable-libstdcxx-debug --enable-libstdcxx-time=yes --enable-gnu-unique-object --enable-plugin --enable-objc-gc --disable-werror --with-arch-32=i686 --with-tune=generic --enable-checking=release --build=x86_64-linux-gnu --host=x86_64-linux-gnu --target=x86_64-linux-gnu
Thread model: posix
gcc version 4.6.3 (Ubuntu/Linaro 4.6.3-1ubuntu5) 
configure:2557: $? = 0
configure:2546: gcc -V >&5
gcc: error: unrecognized option '-V'
gcc: fatal error: no input files
compilation terminated.
configure:2557: $? = 4
configure:2546: gcc -qversion >&5
gcc: error: unrecognized option '-qversion'
gcc: fatal error: no input files
compilation terminated.
configure:2557: $? = 4
configure:2577: checking whether the C compiler works
configure:2599: gcc    conftest.c  >&5
configure:2603: $? = 0
configure:2651: result: yes
configure:2654: checking for C compiler default output file name
configure:2656: result: a.out
configure:2662: checking for suffix of executables
configure:2669: gcc -o conftest    conftest.c  >&5
configure:2673: $? = 0
configure:2695: result: 
configure:2717: checking whether we are cross compiling
configure:2725: gcc -o conftest    conftest.c  >&5
configure:2729: $? = 0
configure:2736: ./conftest
configure:2740: $? = 0
configure:2755: result: no
configure:2760: checking for suffix of object files
configure:2782: gcc -c   conftest.c >&5
configure:2786: $? = 0
configure:2807: result: o
configure:2811: checking whether we are using the GNU C compiler
configure:2830: gcc -c   conftest.c >&5
configure:2830: $? = 0
configure:2839: result: yes
configure:2848: checking whether gcc accepts -g
configure:2868: gcc -c -g  conftest.c >&5
configure:2868: $? = 0
configure:2909: result: yes
configure:2926: checking for gcc option to accept ISO C89
configure:2990: gcc  -c -g -O2  conftest.c >&5
configure:2990: $? = 0
configure:3003: result: none needed
configure:3029: checking how to run the C preprocessor
configure:3060: gcc -E  conftest.c
configure:3060: $? = 0
configure:3074: gcc -E  conftest.c
conftest.c:9:28: fatal error: ac_nonexistent.h: No such file or directory
compilation terminated.
configure:3074: $? = 1
configure: failed program was:
| /* confdefs.h */
| #define PACKAGE_NAME "GeoIP"
| #define PACKAGE_TARNAME "GeoIP"
| #define PACKAGE_VERSION "1.4.8"
| #define PACKAGE_STRING "GeoIP 1.4.8"
| #define PACKAGE_BUGREPORT "support@maxmind.com"
| #define PACKAGE_URL ""
| /* end confdefs.h.  */
| #include <ac_nonexistent.h>
configure:3099: result: gcc -E
configure:3119: gcc -E  conftest.c
configure:3119: $? = 0
configure:3133: gcc -E  conftest.c
conftest.c:9:28: fatal error: ac_nonexistent.h: No such file or directory
compilation terminated.
configure:3133: $? = 1
configure: failed program was:
| /* confdefs.h */
| #define PACKAGE_NAME "GeoIP"
| #define PACKAGE_TARNAME "GeoIP"
| #define PACKAGE_VERSION "1.4.8"
| #define PACKAGE_STRING "GeoIP 1.4.8"
| #define PACKAGE_BUGREPORT "support@maxmind.com"
| #define PACKAGE_URL ""
| /* end confdefs.h.  */
| #include <ac_nonexistent.h>
configure:3162: checking for grep that handles long lines and -e
configure:3220: result: /bin/grep
configure:3225: checking for egrep
configure:3287: result: /bin/grep -E
configure:3292: checking for ANSI C header files
configure:3312: gcc -c -g -O2  conftest.c >&5
configure:3312: $? = 0
configure:3385: gcc -o conftest -g -O2   conftest.c  >&5
configure:3385: $? = 0
configure:3385: ./conftest
configure:3385: $? = 0
configure:3396: result: yes
configure:3409: checking for sys/types.h
configure:3409: gcc -c -g -O2  conftest.c >&5
configure:3409: $? = 0
configure:3409: result: yes
configure:3409: checking for sys/stat.h
configure:3409: gcc -c -g -O2  conftest.c >&5
configure:3409: $? = 0
configure:3409: result: yes
configure:3409: checking for stdlib.h
configure:3409: gcc -c -g -O2  conftest.c >&5
configure:3409: $? = 0
configure:3409: result: yes
configure:3409: checking for string.h
configure:3409: gcc -c -g -O2  conftest.c >&5
configure:3409: $? = 0
configure:3409: result: yes
configure:3409: checking for memory.h
configure:3409: gcc -c -g -O2  conftest.c >&5
configure:3409: $? = 0
configure:3409: result: yes
configure:3409: checking for strings.h
configure:3409: gcc -c -g -O2  conftest.c >&5
configure:3409: $? = 0
configure:3409: result: yes
configure:3409: checking for inttypes.h
configure:3409: gcc -c -g -O2  conftest.c >&5
configure:3409: $? = 0
configure:3409: result: yes
configure:3409: checking for stdint.h
configure:3409: gcc -c -g -O2  conftest.c >&5
configure:3409: $? = 0
configure:3409: result: yes
configure:3409: checking for unistd.h
configure:3409: gcc -c -g -O2  conftest.c >&5
configure:3409: $? = 0
configure:3409: result: yes
configure:3422: checking minix/config.h usability
configure:3422: gcc -c -g -O2  conftest.c >&5
conftest.c:52:26: fatal error: minix/config.h: No such file or directory
compilation terminated.
configure:3422: $? = 1
configure: failed program was:
| /* confdefs.h */
| #define PACKAGE_NAME "GeoIP"
| #define PACKAGE_TARNAME "GeoIP"
| #define PACKAGE_VERSION "1.4.8"
| #define PACKAGE_STRING "GeoIP 1.4.8"
| #define PACKAGE_BUGREPORT "support@maxmind.com"
| #define PACKAGE_URL ""
| #define STDC_HEADERS 1
| #define HAVE_SYS_TYPES_H 1
| #define HAVE_SYS_STAT_H 1
| #define HAVE_STDLIB_H 1
| #define HAVE_STRING_H 1
| #define HAVE_MEMORY_H 1
| #define HAVE_STRINGS_H 1
| #define HAVE_INTTYPES_H 1
| #define HAVE_STDINT_H 1
| #define HAVE_UNISTD_H 1
| /* end confdefs.h.  */
| #include <stdio.h>
| #ifdef HAVE_SYS_TYPES_H
| # include <sys/types.h>
| #endif
| #ifdef HAVE_SYS_STAT_H
| # include <sys/stat.h>
| #endif
| #ifdef STDC_HEADERS
| # include <stdlib.h>
| # include <stddef.h>
| #else
| # ifdef HAVE_STDLIB_H
| #  include <stdlib.h>
| # endif
| #endif
| #ifdef HAVE_STRING_H
| # if !defined STDC_HEADERS && defined HAVE_MEMORY_H
| #  include <memory.h>
| # endif
| # include <string.h>
| #endif
| #ifdef HAVE_STRINGS_H
| # include <strings.h>
| #endif
| #ifdef HAVE_INTTYPES_H
| # include <inttypes.h>
| #endif
| #ifdef HAVE_STDINT_H
| # include <stdint.h>
| #endif
| #ifdef HAVE_UNISTD_H
| # include <unistd.h>
| #endif
| #include <minix/config.h>
configure:3422: result: no
configure:3422: checking minix/config.h presence
configure:3422: gcc -E  conftest.c
conftest.c:19:26: fatal error: minix/config.h: No such file or directory
compilation terminated.
configure:3422: $? = 1
configure: failed program was:
| /* confdefs.h */
| #define PACKAGE_NAME "GeoIP"
| #define PACKAGE_TARNAME "GeoIP"
| #define PACKAGE_VERSION "1.4.8"
| #define PACKAGE_STRING "GeoIP 1.4.8"
| #define PACKAGE_BUGREPORT "support@maxmind.com"
| #define PACKAGE_URL ""
| #define STDC_HEADERS 1
| #define HAVE_SYS_TYPES_H 1
| #define HAVE_SYS_STAT_H 1
| #define HAVE_STDLIB_H 1
| #define HAVE_STRING_H 1
| #define HAVE_MEMORY_H 1
| #define HAVE_STRINGS_H 1
| #define HAVE_INTTYPES_H 1
| #define HAVE_STDINT_H 1
| #define HAVE_UNISTD_H 1
| /* end confdefs.h.  */
| #include <minix/config.h>
configure:3422: result: no
configure:3422: checking for minix/config.h
configure:3422: result: no
configure:3443: checking whether it is safe to define __EXTENSIONS__
configure:3461: gcc -c -g -O2  conftest.c >&5
configure:3461: $? = 0
configure:3468: result: yes
configure:3528: checking for a BSD-compatible install
configure:3596: result: /usr/bin/install -c
configure:3607: checking whether build environment is sane
configure:3657: result: yes
configure:3798: checking for a thread-safe mkdir -p
configure:3837: result: /bin/mkdir -p
configure:3850: checking for gawk
configure:3866: found /usr/bin/gawk
configure:3877: result: gawk
configure:3888: checking whether make sets $(MAKE)
configure:3910: result: yes
configure:3940: checking for style of include used by make
configure:3968: result: GNU
configure:4054: checking dependency style of gcc
configure:4165: result: gcc3
configure:4233: checking for gcc
configure:4260: result: gcc
configure:4489: checking for C compiler version
configure:4498: gcc --version >&5
gcc (Ubuntu/Linaro 4.6.3-1ubuntu5) 4.6.3
Copyright (C) 2011 Free Software Foundation, Inc.
This is free software; see the source for copying conditions.  There is NO
warranty; not even for MERCHANTABILITY or FITNESS FOR A PARTICULAR PURPOSE.

configure:4509: $? = 0
configure:4498: gcc -v >&5
Using built-in specs.
COLLECT_GCC=gcc
COLLECT_LTO_WRAPPER=/usr/lib/gcc/x86_64-linux-gnu/4.6/lto-wrapper
Target: x86_64-linux-gnu
Configured with: ../src/configure -v --with-pkgversion='Ubuntu/Linaro 4.6.3-1ubuntu5' --with-bugurl=file:///usr/share/doc/gcc-4.6/README.Bugs --enable-languages=c,c++,fortran,objc,obj-c++ --prefix=/usr --program-suffix=-4.6 --enable-shared --enable-linker-build-id --with-system-zlib --libexecdir=/usr/lib --without-included-gettext --enable-threads=posix --with-gxx-include-dir=/usr/include/c++/4.6 --libdir=/usr/lib --enable-nls --with-sysroot=/ --enable-clocale=gnu --enable-libstdcxx-debug --enable-libstdcxx-time=yes --enable-gnu-unique-object --enable-plugin --enable-objc-gc --disable-werror --with-arch-32=i686 --with-tune=generic --enable-checking=release --build=x86_64-linux-gnu --host=x86_64-linux-gnu --target=x86_64-linux-gnu
Thread model: posix
gcc version 4.6.3 (Ubuntu/Linaro 4.6.3-1ubuntu5) 
configure:4509: $? = 0
configure:4498: gcc -V >&5
gcc: error: unrecognized option '-V'
gcc: fatal error: no input files
compilation terminated.
configure:4509: $? = 4
configure:4498: gcc -qversion >&5
gcc: error: unrecognized option '-qversion'
gcc: fatal error: no input files
compilation terminated.
configure:4509: $? = 4
configure:4513: checking whether we are using the GNU C compiler
configure:4541: result: yes
configure:4550: checking whether gcc accepts -g
configure:4611: result: yes
configure:4628: checking for gcc option to accept ISO C89
configure:4705: result: none needed
configure:4754: checking build system type
configure:4768: result: x86_64-unknown-linux-gnu
configure:4788: checking host system type
configure:4801: result: x86_64-unknown-linux-gnu
configure:4842: checking how to print strings
configure:4869: result: printf
configure:4890: checking for a sed that does not truncate output
configure:4954: result: /bin/sed
configure:4972: checking for fgrep
configure:5034: result: /bin/grep -F
configure:5069: checking for ld used by gcc
configure:5136: result: /usr/bin/ld
configure:5143: checking if the linker (/usr/bin/ld) is GNU ld
configure:5158: result: yes
configure:5170: checking for BSD- or MS-compatible name lister (nm)
configure:5219: result: /usr/bin/nm -B
configure:5349: checking the name lister (/usr/bin/nm -B) interface
configure:5356: gcc -c -g -O2  conftest.c >&5
configure:5359: /usr/bin/nm -B "conftest.o"
configure:5362: output
0000000000000000 B some_variable
configure:5369: result: BSD nm
configure:5372: checking whether ln -s works
configure:5376: result: yes
configure:5384: checking the maximum length of command line arguments
configure:5514: result: 3458764513820540925
configure:5531: checking whether the shell understands some XSI constructs
configure:5541: result: yes
configure:5545: checking whether the shell understands "+="
configure:5551: result: yes
configure:5586: checking how to convert x86_64-unknown-linux-gnu file names to x86_64-unknown-linux-gnu format
configure:5626: result: func_convert_file_noop
configure:5633: checking how to convert x86_64-unknown-linux-gnu file names to toolchain format
configure:5653: result: func_convert_file_noop
configure:5660: checking for /usr/bin/ld option to reload object files
configure:5667: result: -r
configure:5741: checking for objdump
configure:5757: found /usr/bin/objdump
configure:5768: result: objdump
configure:5800: checking how to recognize dependent libraries
configure:6002: result: pass_all
configure:6087: checking for dlltool
configure:6117: result: no
configure:6147: checking how to associate runtime and link libraries
configure:6174: result: printf %s\n
configure:6234: checking for ar
configure:6250: found /usr/bin/ar
configure:6261: result: ar
configure:6298: checking for archiver @FILE support
configure:6315: gcc -c -g -O2  conftest.c >&5
configure:6315: $? = 0
configure:6318: ar cru libconftest.a @conftest.lst >&5
configure:6321: $? = 0
configure:6326: ar cru libconftest.a @conftest.lst >&5
ar: conftest.o: No such file or directory
configure:6329: $? = 1
configure:6341: result: @
configure:6399: checking for strip
configure:6415: found /usr/bin/strip
configure:6426: result: strip
configure:6498: checking for ranlib
configure:6514: found /usr/bin/ranlib
configure:6525: result: ranlib
configure:6627: checking command to parse /usr/bin/nm -B output from gcc object
configure:6747: gcc -c -g -O2  conftest.c >&5
configure:6750: $? = 0
configure:6754: /usr/bin/nm -B conftest.o \| sed -n -e 's/^.*[ ]\([ABCDGIRSTW][ABCDGIRSTW]*\)[ ][ ]*\([_A-Za-z][_A-Za-z0-9]*\)$/\1 \2 \2/p' | sed '/ __gnu_lto/d' \> conftest.nm
configure:6757: $? = 0
configure:6823: gcc -o conftest -g -O2   conftest.c conftstm.o >&5
configure:6826: $? = 0
configure:6864: result: ok
configure:6901: checking for sysroot
configure:6931: result: no
configure:7008: gcc -c -g -O2  conftest.c >&5
configure:7011: $? = 0
configure:7187: checking for mt
configure:7203: found /bin/mt
configure:7214: result: mt
configure:7237: checking if mt is a manifest tool
configure:7243: mt '-?'
configure:7251: result: no
configure:7890: checking for dlfcn.h
configure:7890: gcc -c -g -O2  conftest.c >&5
configure:7890: $? = 0
configure:7890: result: yes
configure:8096: checking for objdir
configure:8111: result: .libs
configure:8378: checking if gcc supports -fno-rtti -fno-exceptions
configure:8396: gcc -c -g -O2  -fno-rtti -fno-exceptions conftest.c >&5
cc1: warning: command line option '-fno-rtti' is valid for C++/ObjC++ but not for C [enabled by default]
configure:8400: $? = 0
configure:8413: result: no
configure:8740: checking for gcc option to produce PIC
configure:8747: result: -fPIC -DPIC
configure:8755: checking if gcc PIC flag -fPIC -DPIC works
configure:8773: gcc -c -g -O2  -fPIC -DPIC -DPIC conftest.c >&5
configure:8777: $? = 0
configure:8790: result: yes
configure:8819: checking if gcc static flag -static works
configure:8847: result: yes
configure:8862: checking if gcc supports -c -o file.o
configure:8883: gcc -c -g -O2  -o out/conftest2.o conftest.c >&5
configure:8887: $? = 0
configure:8909: result: yes
configure:8917: checking if gcc supports -c -o file.o
configure:8964: result: yes
configure:8997: checking whether the gcc linker (/usr/bin/ld -m elf_x86_64) supports shared libraries
configure:10154: result: yes
configure:10191: checking whether -lc should be explicitly linked in
configure:10199: gcc -c -g -O2  conftest.c >&5
configure:10202: $? = 0
configure:10217: gcc -shared  -fPIC -DPIC conftest.o  -v -Wl,-soname -Wl,conftest -o conftest 2\>\&1 \| /bin/grep  -lc  \>/dev/null 2\>\&1
configure:10220: $? = 0
configure:10234: result: no
configure:10394: checking dynamic linker characteristics
configure:10905: gcc -o conftest -g -O2   -Wl,-rpath -Wl,/foo conftest.c  >&5
configure:10905: $? = 0
configure:11139: result: GNU/Linux ld.so
configure:11246: checking how to hardcode library paths into programs
configure:11271: result: immediate
configure:11811: checking whether stripping libraries is possible
configure:11816: result: yes
configure:11851: checking if libtool supports shared libraries
configure:11853: result: yes
configure:11856: checking whether to build shared libraries
configure:11877: result: yes
configure:11880: checking whether to build static libraries
configure:11884: result: yes
configure:11922: checking for byte
configure:11922: gcc -c -g -O2  conftest.c >&5
conftest.c: In function 'main':
conftest.c:64:13: error: 'byte' undeclared (first use in this function)
conftest.c:64:13: note: each undeclared identifier is reported only once for each function it appears in
configure:11922: $? = 1
configure: failed program was:
| /* confdefs.h */
| #define PACKAGE_NAME "GeoIP"
| #define PACKAGE_TARNAME "GeoIP"
| #define PACKAGE_VERSION "1.4.8"
| #define PACKAGE_STRING "GeoIP 1.4.8"
| #define PACKAGE_BUGREPORT "support@maxmind.com"
| #define PACKAGE_URL ""
| #define STDC_HEADERS 1
| #define HAVE_SYS_TYPES_H 1
| #define HAVE_SYS_STAT_H 1
| #define HAVE_STDLIB_H 1
| #define HAVE_STRING_H 1
| #define HAVE_MEMORY_H 1
| #define HAVE_STRINGS_H 1
| #define HAVE_INTTYPES_H 1
| #define HAVE_STDINT_H 1
| #define HAVE_UNISTD_H 1
| #define __EXTENSIONS__ 1
| #define _ALL_SOURCE 1
| #define _GNU_SOURCE 1
| #define _POSIX_PTHREAD_SEMANTICS 1
| #define _TANDEM_SOURCE 1
| #define PACKAGE "GeoIP"
| #define VERSION "1.4.8"
| #define HAVE_DLFCN_H 1
| #define LT_OBJDIR ".libs/"
| /* end confdefs.h.  */
| #include <stdio.h>
| #ifdef HAVE_SYS_TYPES_H
| # include <sys/types.h>
| #endif
| #ifdef HAVE_SYS_STAT_H
| # include <sys/stat.h>
| #endif
| #ifdef STDC_HEADERS
| # include <stdlib.h>
| # include <stddef.h>
| #else
| # ifdef HAVE_STDLIB_H
| #  include <stdlib.h>
| # endif
| #endif
| #ifdef HAVE_STRING_H
| # if !defined STDC_HEADERS && defined HAVE_MEMORY_H
| #  include <memory.h>
| # endif
| # include <string.h>
| #endif
| #ifdef HAVE_STRINGS_H
| # include <strings.h>
| #endif
| #ifdef HAVE_INTTYPES_H
| # include <inttypes.h>
| #endif
| #ifdef HAVE_STDINT_H
| # include <stdint.h>
| #endif
| #ifdef HAVE_UNISTD_H
| # include <unistd.h>
| #endif
| int
| main ()
| {
| if (sizeof (byte))
| 	 return 0;
|   ;
|   return 0;
| }
configure:11922: result: no
configure:11928: checking for ushort
configure:11928: gcc -c -g -O2  conftest.c >&5
configure:11928: $? = 0
configure:11928: gcc -c -g -O2  conftest.c >&5
conftest.c: In function 'main':
conftest.c:64:21: error: expected expression before ')' token
configure:11928: $? = 1
configure: failed program was:
| /* confdefs.h */
| #define PACKAGE_NAME "GeoIP"
| #define PACKAGE_TARNAME "GeoIP"
| #define PACKAGE_VERSION "1.4.8"
| #define PACKAGE_STRING "GeoIP 1.4.8"
| #define PACKAGE_BUGREPORT "support@maxmind.com"
| #define PACKAGE_URL ""
| #define STDC_HEADERS 1
| #define HAVE_SYS_TYPES_H 1
| #define HAVE_SYS_STAT_H 1
| #define HAVE_STDLIB_H 1
| #define HAVE_STRING_H 1
| #define HAVE_MEMORY_H 1
| #define HAVE_STRINGS_H 1
| #define HAVE_INTTYPES_H 1
| #define HAVE_STDINT_H 1
| #define HAVE_UNISTD_H 1
| #define __EXTENSIONS__ 1
| #define _ALL_SOURCE 1
| #define _GNU_SOURCE 1
| #define _POSIX_PTHREAD_SEMANTICS 1
| #define _TANDEM_SOURCE 1
| #define PACKAGE "GeoIP"
| #define VERSION "1.4.8"
| #define HAVE_DLFCN_H 1
| #define LT_OBJDIR ".libs/"
| /* end confdefs.h.  */
| #include <stdio.h>
| #ifdef HAVE_SYS_TYPES_H
| # include <sys/types.h>
| #endif
| #ifdef HAVE_SYS_STAT_H
| # include <sys/stat.h>
| #endif
| #ifdef STDC_HEADERS
| # include <stdlib.h>
| # include <stddef.h>
| #else
| # ifdef HAVE_STDLIB_H
| #  include <stdlib.h>
| # endif
| #endif
| #ifdef HAVE_STRING_H
| # if !defined STDC_HEADERS && defined HAVE_MEMORY_H
| #  include <memory.h>
| # endif
| # include <string.h>
| #endif
| #ifdef HAVE_STRINGS_H
| # include <strings.h>
| #endif
| #ifdef HAVE_INTTYPES_H
| # include <inttypes.h>
| #endif
| #ifdef HAVE_STDINT_H
| # include <stdint.h>
| #endif
| #ifdef HAVE_UNISTD_H
| # include <unistd.h>
| #endif
| int
| main ()
| {
| if (sizeof ((ushort)))
| 	    return 0;
|   ;
|   return 0;
| }
configure:11928: result: yes
configure:11934: checking for ulong
configure:11934: gcc -c -g -O2  conftest.c >&5
configure:11934: $? = 0
configure:11934: gcc -c -g -O2  conftest.c >&5
conftest.c: In function 'main':
conftest.c:65:20: error: expected expression before ')' token
configure:11934: $? = 1
configure: failed program was:
| /* confdefs.h */
| #define PACKAGE_NAME "GeoIP"
| #define PACKAGE_TARNAME "GeoIP"
| #define PACKAGE_VERSION "1.4.8"
| #define PACKAGE_STRING "GeoIP 1.4.8"
| #define PACKAGE_BUGREPORT "support@maxmind.com"
| #define PACKAGE_URL ""
| #define STDC_HEADERS 1
| #define HAVE_SYS_TYPES_H 1
| #define HAVE_SYS_STAT_H 1
| #define HAVE_STDLIB_H 1
| #define HAVE_STRING_H 1
| #define HAVE_MEMORY_H 1
| #define HAVE_STRINGS_H 1
| #define HAVE_INTTYPES_H 1
| #define HAVE_STDINT_H 1
| #define HAVE_UNISTD_H 1
| #define __EXTENSIONS__ 1
| #define _ALL_SOURCE 1
| #define _GNU_SOURCE 1
| #define _POSIX_PTHREAD_SEMANTICS 1
| #define _TANDEM_SOURCE 1
| #define PACKAGE "GeoIP"
| #define VERSION "1.4.8"
| #define HAVE_DLFCN_H 1
| #define LT_OBJDIR ".libs/"
| #define HAVE_USHORT_TYPEDEF 1
| /* end confdefs.h.  */
| #include <stdio.h>
| #ifdef HAVE_SYS_TYPES_H
| # include <sys/types.h>
| #endif
| #ifdef HAVE_SYS_STAT_H
| # include <sys/stat.h>
| #endif
| #ifdef STDC_HEADERS
| # include <stdlib.h>
| # include <stddef.h>
| #else
| # ifdef HAVE_STDLIB_H
| #  include <stdlib.h>
| # endif
| #endif
| #ifdef HAVE_STRING_H
| # if !defined STDC_HEADERS && defined HAVE_MEMORY_H
| #  include <memory.h>
| # endif
| # include <string.h>
| #endif
| #ifdef HAVE_STRINGS_H
| # include <strings.h>
| #endif
| #ifdef HAVE_INTTYPES_H
| # include <inttypes.h>
| #endif
| #ifdef HAVE_STDINT_H
| # include <stdint.h>
| #endif
| #ifdef HAVE_UNISTD_H
| # include <unistd.h>
| #endif
| int
| main ()
| {
| if (sizeof ((ulong)))
| 	    return 0;
|   ;
|   return 0;
| }
configure:11934: result: yes
configure:11940: checking for u16
configure:11940: gcc -c -g -O2  conftest.c >&5
conftest.c: In function 'main':
conftest.c:66:13: error: 'u16' undeclared (first use in this function)
conftest.c:66:13: note: each undeclared identifier is reported only once for each function it appears in
configure:11940: $? = 1
configure: failed program was:
| /* confdefs.h */
| #define PACKAGE_NAME "GeoIP"
| #define PACKAGE_TARNAME "GeoIP"
| #define PACKAGE_VERSION "1.4.8"
| #define PACKAGE_STRING "GeoIP 1.4.8"
| #define PACKAGE_BUGREPORT "support@maxmind.com"
| #define PACKAGE_URL ""
| #define STDC_HEADERS 1
| #define HAVE_SYS_TYPES_H 1
| #define HAVE_SYS_STAT_H 1
| #define HAVE_STDLIB_H 1
| #define HAVE_STRING_H 1
| #define HAVE_MEMORY_H 1
| #define HAVE_STRINGS_H 1
| #define HAVE_INTTYPES_H 1
| #define HAVE_STDINT_H 1
| #define HAVE_UNISTD_H 1
| #define __EXTENSIONS__ 1
| #define _ALL_SOURCE 1
| #define _GNU_SOURCE 1
| #define _POSIX_PTHREAD_SEMANTICS 1
| #define _TANDEM_SOURCE 1
| #define PACKAGE "GeoIP"
| #define VERSION "1.4.8"
| #define HAVE_DLFCN_H 1
| #define LT_OBJDIR ".libs/"
| #define HAVE_USHORT_TYPEDEF 1
| #define HAVE_ULONG_TYPEDEF 1
| /* end confdefs.h.  */
| #include <stdio.h>
| #ifdef HAVE_SYS_TYPES_H
| # include <sys/types.h>
| #endif
| #ifdef HAVE_SYS_STAT_H
| # include <sys/stat.h>
| #endif
| #ifdef STDC_HEADERS
| # include <stdlib.h>
| # include <stddef.h>
| #else
| # ifdef HAVE_STDLIB_H
| #  include <stdlib.h>
| # endif
| #endif
| #ifdef HAVE_STRING_H
| # if !defined STDC_HEADERS && defined HAVE_MEMORY_H
| #  include <memory.h>
| # endif
| # include <string.h>
| #endif
| #ifdef HAVE_STRINGS_H
| # include <strings.h>
| #endif
| #ifdef HAVE_INTTYPES_H
| # include <inttypes.h>
| #endif
| #ifdef HAVE_STDINT_H
| # include <stdint.h>
| #endif
| #ifdef HAVE_UNISTD_H
| # include <unistd.h>
| #endif
| int
| main ()
| {
| if (sizeof (u16))
| 	 return 0;
|   ;
|   return 0;
| }
configure:11940: result: no
configure:11946: checking for u32
configure:11946: gcc -c -g -O2  conftest.c >&5
conftest.c: In function 'main':
conftest.c:66:13: error: 'u32' undeclared (first use in this function)
conftest.c:66:13: note: each undeclared identifier is reported only once for each function it appears in
configure:11946: $? = 1
configure: failed program was:
| /* confdefs.h */
| #define PACKAGE_NAME "GeoIP"
| #define PACKAGE_TARNAME "GeoIP"
| #define PACKAGE_VERSION "1.4.8"
| #define PACKAGE_STRING "GeoIP 1.4.8"
| #define PACKAGE_BUGREPORT "support@maxmind.com"
| #define PACKAGE_URL ""
| #define STDC_HEADERS 1
| #define HAVE_SYS_TYPES_H 1
| #define HAVE_SYS_STAT_H 1
| #define HAVE_STDLIB_H 1
| #define HAVE_STRING_H 1
| #define HAVE_MEMORY_H 1
| #define HAVE_STRINGS_H 1
| #define HAVE_INTTYPES_H 1
| #define HAVE_STDINT_H 1
| #define HAVE_UNISTD_H 1
| #define __EXTENSIONS__ 1
| #define _ALL_SOURCE 1
| #define _GNU_SOURCE 1
| #define _POSIX_PTHREAD_SEMANTICS 1
| #define _TANDEM_SOURCE 1
| #define PACKAGE "GeoIP"
| #define VERSION "1.4.8"
| #define HAVE_DLFCN_H 1
| #define LT_OBJDIR ".libs/"
| #define HAVE_USHORT_TYPEDEF 1
| #define HAVE_ULONG_TYPEDEF 1
| /* end confdefs.h.  */
| #include <stdio.h>
| #ifdef HAVE_SYS_TYPES_H
| # include <sys/types.h>
| #endif
| #ifdef HAVE_SYS_STAT_H
| # include <sys/stat.h>
| #endif
| #ifdef STDC_HEADERS
| # include <stdlib.h>
| # include <stddef.h>
| #else
| # ifdef HAVE_STDLIB_H
| #  include <stdlib.h>
| # endif
| #endif
| #ifdef HAVE_STRING_H
| # if !defined STDC_HEADERS && defined HAVE_MEMORY_H
| #  include <memory.h>
| # endif
| # include <string.h>
| #endif
| #ifdef HAVE_STRINGS_H
| # include <strings.h>
| #endif
| #ifdef HAVE_INTTYPES_H
| # include <inttypes.h>
| #endif
| #ifdef HAVE_STDINT_H
| # include <stdint.h>
| #endif
| #ifdef HAVE_UNISTD_H
| # include <unistd.h>
| #endif
| int
| main ()
| {
| if (sizeof (u32))
| 	 return 0;
|   ;
|   return 0;
| }
configure:11946: result: no
configure:11953: checking whether byte ordering is bigendian
configure:11968: gcc -c -g -O2  conftest.c >&5
conftest.c:31:9: error: unknown type name 'not'
conftest.c:31:15: error: expected '=', ',', ';', 'asm' or '__attribute__' before 'universal'
conftest.c:31:15: error: unknown type name 'universal'
configure:11968: $? = 1
configure: failed program was:
| /* confdefs.h */
| #define PACKAGE_NAME "GeoIP"
| #define PACKAGE_TARNAME "GeoIP"
| #define PACKAGE_VERSION "1.4.8"
| #define PACKAGE_STRING "GeoIP 1.4.8"
| #define PACKAGE_BUGREPORT "support@maxmind.com"
| #define PACKAGE_URL ""
| #define STDC_HEADERS 1
| #define HAVE_SYS_TYPES_H 1
| #define HAVE_SYS_STAT_H 1
| #define HAVE_STDLIB_H 1
| #define HAVE_STRING_H 1
| #define HAVE_MEMORY_H 1
| #define HAVE_STRINGS_H 1
| #define HAVE_INTTYPES_H 1
| #define HAVE_STDINT_H 1
| #define HAVE_UNISTD_H 1
| #define __EXTENSIONS__ 1
| #define _ALL_SOURCE 1
| #define _GNU_SOURCE 1
| #define _POSIX_PTHREAD_SEMANTICS 1
| #define _TANDEM_SOURCE 1
| #define PACKAGE "GeoIP"
| #define VERSION "1.4.8"
| #define HAVE_DLFCN_H 1
| #define LT_OBJDIR ".libs/"
| #define HAVE_USHORT_TYPEDEF 1
| #define HAVE_ULONG_TYPEDEF 1
| /* end confdefs.h.  */
| #ifndef __APPLE_CC__
| 	       not a universal capable compiler
| 	     #endif
| 	     typedef int dummy;
| 
configure:12013: gcc -c -g -O2  conftest.c >&5
configure:12013: $? = 0
configure:12031: gcc -c -g -O2  conftest.c >&5
conftest.c: In function 'main':
conftest.c:37:4: error: unknown type name 'not'
conftest.c:37:12: error: expected '=', ',', ';', 'asm' or '__attribute__' before 'endian'
configure:12031: $? = 1
configure: failed program was:
| /* confdefs.h */
| #define PACKAGE_NAME "GeoIP"
| #define PACKAGE_TARNAME "GeoIP"
| #define PACKAGE_VERSION "1.4.8"
| #define PACKAGE_STRING "GeoIP 1.4.8"
| #define PACKAGE_BUGREPORT "support@maxmind.com"
| #define PACKAGE_URL ""
| #define STDC_HEADERS 1
| #define HAVE_SYS_TYPES_H 1
| #define HAVE_SYS_STAT_H 1
| #define HAVE_STDLIB_H 1
| #define HAVE_STRING_H 1
| #define HAVE_MEMORY_H 1
| #define HAVE_STRINGS_H 1
| #define HAVE_INTTYPES_H 1
| #define HAVE_STDINT_H 1
| #define HAVE_UNISTD_H 1
| #define __EXTENSIONS__ 1
| #define _ALL_SOURCE 1
| #define _GNU_SOURCE 1
| #define _POSIX_PTHREAD_SEMANTICS 1
| #define _TANDEM_SOURCE 1
| #define PACKAGE "GeoIP"
| #define VERSION "1.4.8"
| #define HAVE_DLFCN_H 1
| #define LT_OBJDIR ".libs/"
| #define HAVE_USHORT_TYPEDEF 1
| #define HAVE_ULONG_TYPEDEF 1
| /* end confdefs.h.  */
| #include <sys/types.h>
| 		#include <sys/param.h>
| 
| int
| main ()
| {
| #if BYTE_ORDER != BIG_ENDIAN
| 		 not big endian
| 		#endif
| 
|   ;
|   return 0;
| }
configure:12159: result: no
configure:12181: checking for stdint.h
configure:12181: result: yes
configure:12193: checking zlib.h usability
configure:12193: gcc -c -g -O2  conftest.c >&5
configure:12193: $? = 0
configure:12193: result: yes
configure:12193: checking zlib.h presence
configure:12193: gcc -E  conftest.c
configure:12193: $? = 0
configure:12193: result: yes
configure:12193: checking for zlib.h
configure:12193: result: yes
configure:12206: checking for gettimeofday
configure:12206: gcc -o conftest -g -O2   conftest.c  >&5
configure:12206: $? = 0
configure:12206: result: yes
configure:12212: checking for vasprintf
configure:12212: gcc -o conftest -g -O2   conftest.c  >&5
configure:12212: $? = 0
configure:12212: result: yes
configure:12218: checking for vsnprintf
configure:12218: gcc -o conftest -g -O2   conftest.c  >&5
conftest.c:58:6: warning: conflicting types for built-in function 'vsnprintf' [enabled by default]
configure:12218: $? = 0
configure:12218: result: yes
configure:12224: checking for vsprintf
configure:12224: gcc -o conftest -g -O2   conftest.c  >&5
conftest.c:59:6: warning: conflicting types for built-in function 'vsprintf' [enabled by default]
configure:12224: $? = 0
configure:12224: result: yes
configure:12231: checking for gethostbyname
configure:12231: gcc -o conftest -g -O2   conftest.c  >&5
configure:12231: $? = 0
configure:12231: result: yes
configure:12281: checking for gethostbyname_r
configure:12281: gcc -o conftest -g -O2   conftest.c  >&5
configure:12281: $? = 0
configure:12281: result: yes
configure:12474: creating ./config.status

## ---------------- ##
## Cache variables. ##
## ---------------- ##

ac_cv_build=x86_64-unknown-linux-gnu
ac_cv_c_bigendian=no
ac_cv_c_compiler_gnu=yes
ac_cv_env_CC_set=
ac_cv_env_CC_value=
ac_cv_env_CFLAGS_set=
ac_cv_env_CFLAGS_value=
ac_cv_env_CPPFLAGS_set=
ac_cv_env_CPPFLAGS_value=
ac_cv_env_CPP_set=
ac_cv_env_CPP_value=
ac_cv_env_LDFLAGS_set=
ac_cv_env_LDFLAGS_value=
ac_cv_env_LIBS_set=
ac_cv_env_LIBS_value=
ac_cv_env_build_alias_set=
ac_cv_env_build_alias_value=
ac_cv_env_host_alias_set=
ac_cv_env_host_alias_value=
ac_cv_env_target_alias_set=
ac_cv_env_target_alias_value=
ac_cv_func_gethostbyname=yes
ac_cv_func_gethostbyname_r=yes
ac_cv_func_gettimeofday=yes
ac_cv_func_vasprintf=yes
ac_cv_func_vsnprintf=yes
ac_cv_func_vsprintf=yes
ac_cv_header_dlfcn_h=yes
ac_cv_header_inttypes_h=yes
ac_cv_header_memory_h=yes
ac_cv_header_minix_config_h=no
ac_cv_header_stdc=yes
ac_cv_header_stdint_h=yes
ac_cv_header_stdlib_h=yes
ac_cv_header_string_h=yes
ac_cv_header_strings_h=yes
ac_cv_header_sys_stat_h=yes
ac_cv_header_sys_types_h=yes
ac_cv_header_unistd_h=yes
ac_cv_header_zlib_h=yes
ac_cv_host=x86_64-unknown-linux-gnu
ac_cv_objext=o
ac_cv_path_EGREP='/bin/grep -E'
ac_cv_path_FGREP='/bin/grep -F'
ac_cv_path_GREP=/bin/grep
ac_cv_path_SED=/bin/sed
ac_cv_path_install='/usr/bin/install -c'
ac_cv_path_mkdir=/bin/mkdir
ac_cv_prog_AWK=gawk
ac_cv_prog_CPP='gcc -E'
ac_cv_prog_ac_ct_AR=ar
ac_cv_prog_ac_ct_CC=gcc
ac_cv_prog_ac_ct_MANIFEST_TOOL=mt
ac_cv_prog_ac_ct_OBJDUMP=objdump
ac_cv_prog_ac_ct_RANLIB=ranlib
ac_cv_prog_ac_ct_STRIP=strip
ac_cv_prog_cc_c89=
ac_cv_prog_cc_g=yes
ac_cv_prog_make_make_set=yes
ac_cv_safe_to_define___extensions__=yes
ac_cv_type_byte=no
ac_cv_type_u16=no
ac_cv_type_u32=no
ac_cv_type_ulong=yes
ac_cv_type_ushort=yes
am_cv_CC_dependencies_compiler_type=gcc3
lt_cv_ar_at_file=@
lt_cv_archive_cmds_need_lc=no
lt_cv_deplibs_check_method=pass_all
lt_cv_file_magic_cmd='$MAGIC_CMD'
lt_cv_file_magic_test_file=
lt_cv_ld_reload_flag=-r
lt_cv_nm_interface='BSD nm'
lt_cv_objdir=.libs
lt_cv_path_LD=/usr/bin/ld
lt_cv_path_NM='/usr/bin/nm -B'
lt_cv_path_mainfest_tool=no
lt_cv_prog_compiler_c_o=yes
lt_cv_prog_compiler_pic='-fPIC -DPIC'
lt_cv_prog_compiler_pic_works=yes
lt_cv_prog_compiler_rtti_exceptions=no
lt_cv_prog_compiler_static_works=yes
lt_cv_prog_gnu_ld=yes
lt_cv_sharedlib_from_linklib_cmd='printf %s\n'
lt_cv_shlibpath_overrides_runpath=no
lt_cv_sys_global_symbol_pipe='sed -n -e '\''s/^.*[	 ]\([ABCDGIRSTW][ABCDGIRSTW]*\)[	 ][	 ]*\([_A-Za-z][_A-Za-z0-9]*\)$/\1 \2 \2/p'\'' | sed '\''/ __gnu_lto/d'\'''
lt_cv_sys_global_symbol_to_c_name_address='sed -n -e '\''s/^: \([^ ]*\)[ ]*$/  {\"\1\", (void *) 0},/p'\'' -e '\''s/^[ABCDGIRSTW]* \([^ ]*\) \([^ ]*\)$/  {"\2", (void *) \&\2},/p'\'''
lt_cv_sys_global_symbol_to_c_name_address_lib_prefix='sed -n -e '\''s/^: \([^ ]*\)[ ]*$/  {\"\1\", (void *) 0},/p'\'' -e '\''s/^[ABCDGIRSTW]* \([^ ]*\) \(lib[^ ]*\)$/  {"\2", (void *) \&\2},/p'\'' -e '\''s/^[ABCDGIRSTW]* \([^ ]*\) \([^ ]*\)$/  {"lib\2", (void *) \&\2},/p'\'''
lt_cv_sys_global_symbol_to_cdecl='sed -n -e '\''s/^T .* \(.*\)$/extern int \1();/p'\'' -e '\''s/^[ABCDGIRSTW]* .* \(.*\)$/extern char \1;/p'\'''
lt_cv_sys_max_cmd_len=3458764513820540925
lt_cv_to_host_file_cmd=func_convert_file_noop
lt_cv_to_tool_file_cmd=func_convert_file_noop

## ----------------- ##
## Output variables. ##
## ----------------- ##

ACLOCAL='${SHELL} /home/gurudath/RubymineProjects/unicorn-and-nginx/nginc_repository/geoip2_packages/GeoIP-1.4.8/missing --run aclocal-1.11'
AMDEPBACKSLASH='\'
AMDEP_FALSE='#'
AMDEP_TRUE=''
AMTAR='$${TAR-tar}'
AR='ar'
AUTOCONF='${SHELL} /home/gurudath/RubymineProjects/unicorn-and-nginx/nginc_repository/geoip2_packages/GeoIP-1.4.8/missing --run autoconf'
AUTOHEADER='${SHELL} /home/gurudath/RubymineProjects/unicorn-and-nginx/nginc_repository/geoip2_packages/GeoIP-1.4.8/missing --run autoheader'
AUTOMAKE='${SHELL} /home/gurudath/RubymineProjects/unicorn-and-nginx/nginc_repository/geoip2_packages/GeoIP-1.4.8/missing --run automake-1.11'
AWK='gawk'
CC='gcc'
CCDEPMODE='depmode=gcc3'
CFLAGS='-g -O2'
CPP='gcc -E'
CPPFLAGS=''
CYGPATH_W='echo'
DEFS='-DPACKAGE_NAME=\"GeoIP\" -DPACKAGE_TARNAME=\"GeoIP\" -DPACKAGE_VERSION=\"1.4.8\" -DPACKAGE_STRING=\"GeoIP\ 1.4.8\" -DPACKAGE_BUGREPORT=\"support@maxmind.com\" -DPACKAGE_URL=\"\" -DSTDC_HEADERS=1 -DHAVE_SYS_TYPES_H=1 -DHAVE_SYS_STAT_H=1 -DHAVE_STDLIB_H=1 -DHAVE_STRING_H=1 -DHAVE_MEMORY_H=1 -DHAVE_STRINGS_H=1 -DHAVE_INTTYPES_H=1 -DHAVE_STDINT_H=1 -DHAVE_UNISTD_H=1 -D__EXTENSIONS__=1 -D_ALL_SOURCE=1 -D_GNU_SOURCE=1 -D_POSIX_PTHREAD_SEMANTICS=1 -D_TANDEM_SOURCE=1 -DPACKAGE=\"GeoIP\" -DVERSION=\"1.4.8\" -DHAVE_DLFCN_H=1 -DLT_OBJDIR=\".libs/\" -DHAVE_USHORT_TYPEDEF=1 -DHAVE_ULONG_TYPEDEF=1 -DLITTLE_ENDIAN_HOST=1 -DHAVE_STDINT_H=1 -DHAVE_ZLIB_H=1 -DHAVE_GETTIMEOFDAY=1 -DHAVE_VASPRINTF=1 -DHAVE_VSNPRINTF=1 -DHAVE_VSPRINTF=1 -DHAVE_GETHOSTBYNAME=1 -DHAVE_GETHOSTBYNAME_R=1 -DGETHOSTBYNAME_R_RETURNS_INT=1'
DEPDIR='.deps'
DLLTOOL='false'
DSYMUTIL=''
DUMPBIN=''
ECHO_C=''
ECHO_N='-n'
ECHO_T=''
EGREP='/bin/grep -E'
EXEEXT=''
FGREP='/bin/grep -F'
GEOIP_VERSION_INFO='5:8:4'
GREP='/bin/grep'
INSTALL_DATA='${INSTALL} -m 644'
INSTALL_PROGRAM='${INSTALL}'
INSTALL_SCRIPT='${INSTALL}'
INSTALL_STRIP_PROGRAM='$(install_sh) -c -s'
LD='/usr/bin/ld -m elf_x86_64'
LDFLAGS=''
LIBOBJS=''
LIBS=''
LIBTOOL='$(SHELL) $(top_builddir)/libtool'
LIPO=''
LN_S='ln -s'
LTLIBOBJS=''
MAKEINFO='${SHELL} /home/gurudath/RubymineProjects/unicorn-and-nginx/nginc_repository/geoip2_packages/GeoIP-1.4.8/missing --run makeinfo'
MANIFEST_TOOL=':'
MKDIR_P='/bin/mkdir -p'
NM='/usr/bin/nm -B'
NMEDIT=''
OBJDUMP='objdump'
OBJEXT='o'
OTOOL64=''
OTOOL=''
PACKAGE='GeoIP'
PACKAGE_BUGREPORT='support@maxmind.com'
PACKAGE_NAME='GeoIP'
PACKAGE_STRING='GeoIP 1.4.8'
PACKAGE_TARNAME='GeoIP'
PACKAGE_URL=''
PACKAGE_VERSION='1.4.8'
PATH_SEPARATOR=':'
RANLIB='ranlib'
SED='/bin/sed'
SET_MAKE=''
SHELL='/bin/bash'
STRIP='strip'
VERSION='1.4.8'
ac_ct_AR='ar'
ac_ct_CC='gcc'
ac_ct_DUMPBIN=''
am__EXEEXT_FALSE=''
am__EXEEXT_TRUE='#'
am__fastdepCC_FALSE='#'
am__fastdepCC_TRUE=''
am__include='include'
am__isrc=''
am__leading_dot='.'
am__nodep='_no'
am__quote=''
am__tar='$${TAR-tar} chof - "$$tardir"'
am__untar='$${TAR-tar} xf -'
bindir='${exec_prefix}/bin'
build='x86_64-unknown-linux-gnu'
build_alias=''
build_cpu='x86_64'
build_os='linux-gnu'
build_vendor='unknown'
datadir='${datarootdir}'
datarootdir='${prefix}/share'
docdir='${datarootdir}/doc/${PACKAGE_TARNAME}'
dvidir='${docdir}'
exec_prefix='${prefix}'
host='x86_64-unknown-linux-gnu'
host_alias=''
host_cpu='x86_64'
host_os='linux-gnu'
host_vendor='unknown'
htmldir='${docdir}'
includedir='${prefix}/include'
infodir='${datarootdir}/info'
install_sh='${SHELL} /home/gurudath/RubymineProjects/unicorn-and-nginx/nginc_repository/geoip2_packages/GeoIP-1.4.8/install-sh'
libdir='${exec_prefix}/lib'
libexecdir='${exec_prefix}/libexec'
localedir='${datarootdir}/locale'
localstatedir='${prefix}/var'
mandir='${datarootdir}/man'
mkdir_p='/bin/mkdir -p'
oldincludedir='/usr/include'
pdfdir='${docdir}'
prefix='/usr/local'
program_transform_name='s,x,x,'
psdir='${docdir}'
sbindir='${exec_prefix}/sbin'
sharedstatedir='${prefix}/com'
sysconfdir='${prefix}/etc'
target_alias=''

## ----------- ##
## confdefs.h. ##
## ----------- ##

/* confdefs.h */
#define PACKAGE_NAME "GeoIP"
#define PACKAGE_TARNAME "GeoIP"
#define PACKAGE_VERSION "1.4.8"
#define PACKAGE_STRING "GeoIP 1.4.8"
#define PACKAGE_BUGREPORT "support@maxmind.com"
#define PACKAGE_URL ""
#define STDC_HEADERS 1
#define HAVE_SYS_TYPES_H 1
#define HAVE_SYS_STAT_H 1
#define HAVE_STDLIB_H 1
#define HAVE_STRING_H 1
#define HAVE_MEMORY_H 1
#define HAVE_STRINGS_H 1
#define HAVE_INTTYPES_H 1
#define HAVE_STDINT_H 1
#define HAVE_UNISTD_H 1
#define __EXTENSIONS__ 1
#define _ALL_SOURCE 1
#define _GNU_SOURCE 1
#define _POSIX_PTHREAD_SEMANTICS 1
#define _TANDEM_SOURCE 1
#define PACKAGE "GeoIP"
#define VERSION "1.4.8"
#define HAVE_DLFCN_H 1
#define LT_OBJDIR ".libs/"
#define HAVE_USHORT_TYPEDEF 1
#define HAVE_ULONG_TYPEDEF 1
#define LITTLE_ENDIAN_HOST 1
#define HAVE_STDINT_H 1
#define HAVE_ZLIB_H 1
#define HAVE_GETTIMEOFDAY 1
#define HAVE_VASPRINTF 1
#define HAVE_VSNPRINTF 1
#define HAVE_VSPRINTF 1
#define HAVE_GETHOSTBYNAME 1
#define HAVE_GETHOSTBYNAME_R 1
#define GETHOSTBYNAME_R_RETURNS_INT 1

configure: exit 0

## ---------------------- ##
## Running config.status. ##
## ---------------------- ##

This file was extended by GeoIP config.status 1.4.8, which was
generated by GNU Autoconf 2.68.  Invocation command line was

  CONFIG_FILES    = 
  CONFIG_HEADERS  = 
  CONFIG_LINKS    = 
  CONFIG_COMMANDS = 
  $ ./config.status 

on gurudath

config.status:1021: creating Makefile
config.status:1021: creating GeoIP.spec
config.status:1021: creating libGeoIP/Makefile
config.status:1021: creating apps/Makefile
config.status:1021: creating conf/Makefile
config.status:1021: creating data/Makefile
config.status:1021: creating man/Makefile
config.status:1021: creating test/Makefile
config.status:1193: executing depfiles commands
config.status:1193: executing libtool commands
